
> fake-news-frontend@0.0.0 build
> vite build

[36mvite v5.4.21 [32mbuilding for production...[36m[39m
transforming...
[33m[vite:css] @import must precede all other statements (besides @charset or empty @layer)
34 |  }
35 |  
36 |  @import url('https://fonts.googleapis.com/css2?family=Inter:wght@300;400;500;600;700;800&display=swap');
   |  ^^^^^^^^^^^^^^^^^^^^^^^^^^^^^^^^^^^^^^^^^^^^^^^^^^^^^^^^^^^^^^^^^^^^^^^^^^^^^^^^^^^^^^^^^^^^^^^^^^^^^^^^
37 |  
38 |  :root {[39m
[32m✓[39m 2717 modules transformed.
rendering chunks...
computing gzip size...
[2mdist/[22m[32mindex.html                 [39m[1m[2m  0.43 kB[22m[1m[22m[2m │ gzip:   0.31 kB[22m
[2mdist/[22m[35massets/index-MuGXeUsJ.css  [39m[1m[2m 32.00 kB[22m[1m[22m[2m │ gzip:   7.06 kB[22m
[2mdist/[22m[36massets/index-5rXd-1mm.js   [39m[1m[33m733.05 kB[39m[22m[2m │ gzip: 220.96 kB[22m
[33m
(!) Some chunks are larger than 500 kB after minification. Consider:
- Using dynamic import() to code-split the application
- Use build.rollupOptions.output.manualChunks to improve chunking: https://rollupjs.org/configuration-options/#output-manualchunks
- Adjust chunk size limit for this warning via build.chunkSizeWarningLimit.[39m
[32m✓ built in 29.56s[39m
