[INFO] Scanning for projects...
[INFO] 
[INFO] -----------------------< com.fakedetect:backend >-----------------------
[INFO] Building backend 0.0.1-SNAPSHOT
[INFO]   from pom.xml
[INFO] --------------------------------[ jar ]---------------------------------
[INFO] 
[INFO] >>> spring-boot:3.2.3:run (default-cli) > test-compile @ backend >>>
[INFO] 
[INFO] --- resources:3.3.1:resources (default-resources) @ backend ---
[INFO] Copying 2 resources from src\main\resources to target\classes
[INFO] Copying 0 resource from src\main\resources to target\classes
[INFO] 
[INFO] --- compiler:3.11.0:compile (default-compile) @ backend ---
[INFO] Nothing to compile - all classes are up to date
[INFO] 
[INFO] --- resources:3.3.1:testResources (default-testResources) @ backend ---
[INFO] skip non existing resourceDirectory D:\Study\projects\fake_news\fake_news\backend\src\test\resources
[INFO] 
[INFO] --- compiler:3.11.0:testCompile (default-testCompile) @ backend ---
[INFO] Nothing to compile - all classes are up to date
[INFO] 
[INFO] <<< spring-boot:3.2.3:run (default-cli) < test-compile @ backend <<<
[INFO] 
[INFO] 
[INFO] --- spring-boot:3.2.3:run (default-cli) @ backend ---
[INFO] Attaching agents: []

  .   ____          _            __ _ _
 /\\ / ___'_ __ _ _(_)_ __  __ _ \ \ \ \
( ( )\___ | '_ | '_| | '_ \/ _` | \ \ \ \
 \\/  ___)| |_)| | | | | || (_| |  ) ) ) )
  '  |____| .__|_| |_|_| |_\__, | / / / /
 =========|_|==============|___/=/_/_/_/
 :: Spring Boot ::                (v3.2.3)

2026-03-26T23:42:12.125+05:30  INFO 14244 --- [backend] [           main] c.fakedetect.backend.BackendApplication  : Starting BackendApplication using Java 21.0.7 with PID 14244 (D:\Study\projects\fake_news\fake_news\backend\target\classes started by asus in D:\Study\projects\fake_news\fake_news\backend)
2026-03-26T23:42:12.131+05:30  INFO 14244 --- [backend] [           main] c.fakedetect.backend.BackendApplication  : No active profile set, falling back to 1 default profile: "default"
2026-03-26T23:42:13.563+05:30  INFO 14244 --- [backend] [           main] .s.d.r.c.RepositoryConfigurationDelegate : Bootstrapping Spring Data JPA repositories in DEFAULT mode.
2026-03-26T23:42:13.841+05:30  INFO 14244 --- [backend] [           main] .s.d.r.c.RepositoryConfigurationDelegate : Finished Spring Data repository scanning in 267 ms. Found 3 JPA repository interfaces.
2026-03-26T23:42:14.883+05:30  INFO 14244 --- [backend] [           main] o.s.b.w.embedded.tomcat.TomcatWebServer  : Tomcat initialized with port 8081 (http)
2026-03-26T23:42:14.907+05:30  INFO 14244 --- [backend] [           main] o.apache.catalina.core.StandardService   : Starting service [Tomcat]
2026-03-26T23:42:14.908+05:30  INFO 14244 --- [backend] [           main] o.apache.catalina.core.StandardEngine    : Starting Servlet engine: [Apache Tomcat/10.1.19]
2026-03-26T23:42:15.023+05:30  INFO 14244 --- [backend] [           main] o.a.c.c.C.[Tomcat].[localhost].[/]       : Initializing Spring embedded WebApplicationContext
2026-03-26T23:42:15.025+05:30  INFO 14244 --- [backend] [           main] w.s.c.ServletWebServerApplicationContext : Root WebApplicationContext: initialization completed in 2802 ms
2026-03-26T23:42:15.082+05:30  INFO 14244 --- [backend] [           main] com.zaxxer.hikari.HikariDataSource       : HikariPool-1 - Starting...
2026-03-26T23:42:15.431+05:30  INFO 14244 --- [backend] [           main] com.zaxxer.hikari.pool.HikariPool        : HikariPool-1 - Added connection conn0: url=jdbc:h2:mem:fakenewsdb user=SA
2026-03-26T23:42:15.435+05:30  INFO 14244 --- [backend] [           main] com.zaxxer.hikari.HikariDataSource       : HikariPool-1 - Start completed.
2026-03-26T23:42:15.452+05:30  INFO 14244 --- [backend] [           main] o.s.b.a.h2.H2ConsoleAutoConfiguration    : H2 console available at '/h2-console'. Database available at 'jdbc:h2:mem:fakenewsdb'
2026-03-26T23:42:15.616+05:30  INFO 14244 --- [backend] [           main] o.hibernate.jpa.internal.util.LogHelper  : HHH000204: Processing PersistenceUnitInfo [name: default]
2026-03-26T23:42:15.709+05:30  INFO 14244 --- [backend] [           main] org.hibernate.Version                    : HHH000412: Hibernate ORM core version 6.4.4.Final
2026-03-26T23:42:15.770+05:30  INFO 14244 --- [backend] [           main] o.h.c.internal.RegionFactoryInitiator    : HHH000026: Second-level cache disabled
2026-03-26T23:42:16.161+05:30  INFO 14244 --- [backend] [           main] o.s.o.j.p.SpringPersistenceUnitInfo      : No LoadTimeWeaver setup: ignoring JPA class transformer
2026-03-26T23:42:16.268+05:30  WARN 14244 --- [backend] [           main] org.hibernate.orm.deprecation            : HHH90000025: H2Dialect does not need to be specified explicitly using 'hibernate.dialect' (remove the property setting and it will be selected by default)
2026-03-26T23:42:17.961+05:30  INFO 14244 --- [backend] [           main] o.h.e.t.j.p.i.JtaPlatformInitiator       : HHH000489: No JTA platform available (set 'hibernate.transaction.jta.platform' to enable JTA platform integration)
Hibernate: create table article (id bigint generated by default as identity, content TEXT, created_at timestamp(6), overall_credibility float(53), primary key (id))
Hibernate: create table claim (id bigint generated by default as identity, claim_text TEXT, credibility_score float(53), status varchar(255), article_id bigint, primary key (id))
Hibernate: create table claim_evidence (claim_id bigint not null, evidence_snippet TEXT)
Hibernate: create table claim_shap (claim_id bigint not null, impact_score float(53), word varchar(255) not null, primary key (claim_id, word))
Hibernate: create table users (id bigint generated by default as identity, password varchar(255) not null, role varchar(255) not null, username varchar(255) not null, primary key (id))
Hibernate: alter table if exists users drop constraint if exists UK_r43af9ap4edm43mmtq01oddj6
Hibernate: alter table if exists users add constraint UK_r43af9ap4edm43mmtq01oddj6 unique (username)
Hibernate: alter table if exists claim add constraint FKnc6iyks8ulysxevh5073bbsbb foreign key (article_id) references article
Hibernate: alter table if exists claim_evidence add constraint FK4py66m1n4pe1d4nfmes44qjs3 foreign key (claim_id) references claim
Hibernate: alter table if exists claim_shap add constraint FK8u79ta9ci2gl3eor7601hmbx9 foreign key (claim_id) references claim
2026-03-26T23:42:18.096+05:30  INFO 14244 --- [backend] [           main] j.LocalContainerEntityManagerFactoryBean : Initialized JPA EntityManagerFactory for persistence unit 'default'
2026-03-26T23:42:18.786+05:30  INFO 14244 --- [backend] [           main] o.s.d.j.r.query.QueryEnhancerFactory     : Hibernate is in classpath; If applicable, HQL parser will be used.
2026-03-26T23:42:19.874+05:30  WARN 14244 --- [backend] [           main] JpaBaseConfiguration$JpaWebConfiguration : spring.jpa.open-in-view is enabled by default. Therefore, database queries may be performed during view rendering. Explicitly configure spring.jpa.open-in-view to disable this warning
2026-03-26T23:42:20.350+05:30  INFO 14244 --- [backend] [           main] o.s.s.web.DefaultSecurityFilterChain     : Will secure any request with [org.springframework.security.web.session.DisableEncodeUrlFilter@4170ee0f, org.springframework.security.web.context.request.async.WebAsyncManagerIntegrationFilter@4b95fdf2, org.springframework.security.web.context.SecurityContextHolderFilter@216a3aba, org.springframework.security.web.header.HeaderWriterFilter@59294447, org.springframework.web.filter.CorsFilter@1080234b, org.springframework.security.web.authentication.logout.LogoutFilter@1bc6a43c, com.fakedetect.backend.config.JwtRequestFilter@41935a9d, org.springframework.security.web.savedrequest.RequestCacheAwareFilter@13cfa1ec, org.springframework.security.web.servletapi.SecurityContextHolderAwareRequestFilter@52688730, org.springframework.security.web.authentication.AnonymousAuthenticationFilter@28e2d3ed, org.springframework.security.web.session.SessionManagementFilter@495c3d15, org.springframework.security.web.access.ExceptionTranslationFilter@34e785db, org.springframework.security.web.access.intercept.AuthorizationFilter@7c8ecc27]
2026-03-26T23:42:20.933+05:30  INFO 14244 --- [backend] [           main] o.s.b.w.embedded.tomcat.TomcatWebServer  : Tomcat started on port 8081 (http) with context path ''
2026-03-26T23:42:20.948+05:30  INFO 14244 --- [backend] [           main] c.fakedetect.backend.BackendApplication  : Started BackendApplication in 9.573 seconds (process running for 10.302)
Hibernate: select count(*) from users u1_0
2026-03-26T23:42:21.075+05:30  INFO 14244 --- [backend] [           main] .s.b.a.l.ConditionEvaluationReportLogger : 

Error starting ApplicationContext. To display the condition evaluation report re-run your application with 'debug' enabled.
2026-03-26T23:42:21.104+05:30 ERROR 14244 --- [backend] [           main] o.s.boot.SpringApplication               : Application run failed

java.lang.IllegalStateException: ADMIN_USERNAME and ADMIN_PASSWORD environment variables must be set! Start failed.
	at com.fakedetect.backend.config.DataSeeder.run(DataSeeder.java:32) ~[classes/:na]
	at org.springframework.boot.SpringApplication.lambda$callRunner$5(SpringApplication.java:790) ~[spring-boot-3.2.3.jar:3.2.3]
	at org.springframework.util.function.ThrowingConsumer$1.acceptWithException(ThrowingConsumer.java:83) ~[spring-core-6.1.4.jar:6.1.4]
	at org.springframework.util.function.ThrowingConsumer.accept(ThrowingConsumer.java:60) ~[spring-core-6.1.4.jar:6.1.4]
	at org.springframework.util.function.ThrowingConsumer$1.accept(ThrowingConsumer.java:88) ~[spring-core-6.1.4.jar:6.1.4]
	at org.springframework.boot.SpringApplication.callRunner(SpringApplication.java:798) ~[spring-boot-3.2.3.jar:3.2.3]
	at org.springframework.boot.SpringApplication.callRunner(SpringApplication.java:789) ~[spring-boot-3.2.3.jar:3.2.3]
	at org.springframework.boot.SpringApplication.lambda$callRunners$3(SpringApplication.java:774) ~[spring-boot-3.2.3.jar:3.2.3]
	at java.base/java.util.stream.ForEachOps$ForEachOp$OfRef.accept(ForEachOps.java:184) ~[na:na]
	at java.base/java.util.stream.SortedOps$SizedRefSortingSink.end(SortedOps.java:357) ~[na:na]
	at java.base/java.util.stream.AbstractPipeline.copyInto(AbstractPipeline.java:510) ~[na:na]
	at java.base/java.util.stream.AbstractPipeline.wrapAndCopyInto(AbstractPipeline.java:499) ~[na:na]
	at java.base/java.util.stream.ForEachOps$ForEachOp.evaluateSequential(ForEachOps.java:151) ~[na:na]
	at java.base/java.util.stream.ForEachOps$ForEachOp$OfRef.evaluateSequential(ForEachOps.java:174) ~[na:na]
	at java.base/java.util.stream.AbstractPipeline.evaluate(AbstractPipeline.java:234) ~[na:na]
	at java.base/java.util.stream.ReferencePipeline.forEach(ReferencePipeline.java:596) ~[na:na]
	at org.springframework.boot.SpringApplication.callRunners(SpringApplication.java:774) ~[spring-boot-3.2.3.jar:3.2.3]
	at org.springframework.boot.SpringApplication.run(SpringApplication.java:341) ~[spring-boot-3.2.3.jar:3.2.3]
	at org.springframework.boot.SpringApplication.run(SpringApplication.java:1354) ~[spring-boot-3.2.3.jar:3.2.3]
	at org.springframework.boot.SpringApplication.run(SpringApplication.java:1343) ~[spring-boot-3.2.3.jar:3.2.3]
	at com.fakedetect.backend.BackendApplication.main(BackendApplication.java:12) ~[classes/:na]

2026-03-26T23:42:21.155+05:30  INFO 14244 --- [backend] [           main] j.LocalContainerEntityManagerFactoryBean : Closing JPA EntityManagerFactory for persistence unit 'default'
2026-03-26T23:42:21.159+05:30  INFO 14244 --- [backend] [           main] com.zaxxer.hikari.HikariDataSource       : HikariPool-1 - Shutdown initiated...
2026-03-26T23:42:21.161+05:30  INFO 14244 --- [backend] [           main] com.zaxxer.hikari.HikariDataSource       : HikariPool-1 - Shutdown completed.
[INFO] ------------------------------------------------------------------------
[INFO] BUILD FAILURE
[INFO] ------------------------------------------------------------------------
[INFO] Total time:  13.817 s
[INFO] Finished at: 2026-03-26T23:42:21+05:30
[INFO] ------------------------------------------------------------------------
[ERROR] Failed to execute goal org.springframework.boot:spring-boot-maven-plugin:3.2.3:run (default-cli) on project backend: Process terminated with exit code: 1 -> [Help 1]
[ERROR] 
[ERROR] To see the full stack trace of the errors, re-run Maven with the -e switch.
[ERROR] Re-run Maven using the -X switch to enable full debug logging.
[ERROR] 
[ERROR] For more information about the errors and possible solutions, please read the following articles:
[ERROR] [Help 1] http://cwiki.apache.org/confluence/display/MAVEN/MojoExecutionException
